<?xml version="1.0" encoding="UTF-8"?>
<!-- Generated by org.testng.reporters.JUnitXMLReporter -->
<testsuite ignored="0" hostname="DESKTOP-KHEHM2V" failures="0" tests="7" name="Default test" time="0.224" errors="0" timestamp="2023-08-23T12:33:26 IST">
  <testcase classname="Testing.Demo1" name="Test1" time="0.024"/>
  <testcase classname="Testing.Demo1" name="Test2" time="0.003"/>
  <testcase classname="Testing.Demo1" name="Test2" time="0.002"/>
  <testcase classname="Testing.Demo1" name="Test2" time="0.002"/>
  <testcase classname="Testing.Demo1" name="Test2" time="0.003"/>
  <testcase classname="Testing.Demo1" name="Test2" time="0.003"/>
  <testcase classname="Testing.Demo1" name="Test3" time="0.011"/>
</testsuite> <!-- Default test -->
