<?xml version="1.0" encoding="UTF-8"?>
<!-- Generated by org.testng.reporters.JUnitXMLReporter -->
<testsuite ignored="0" hostname="DESKTOP-KHEHM2V" failures="0" tests="7" name="Test" time="0.289" errors="0" timestamp="2023-08-23T12:20:37 IST">
  <testcase classname="Testing.Demo4" name="Test10" time="0.016"/>
  <testcase classname="Testing.Demo4" name="Test12" time="0.005"/>
  <testcase classname="Testing.Demo3" name="Test9" time="0.01"/>
  <testcase classname="Testing.Demo2" name="Test6" time="0.006"/>
  <testcase classname="Testing.Demo1" name="Test1" time="0.009"/>
  <testcase classname="Testing.Demo1" name="Test2" time="0.005"/>
  <testcase classname="Testing.Demo1" name="Test3" time="0.01"/>
</testsuite> <!-- Test -->
