<?xml version="1.0" encoding="UTF-8"?>
<testng-results ignored="0" total="7" passed="7" failed="0" skipped="0">
  <reporter-output>
  </reporter-output>
  <suite started-at="2023-08-23T12:33:26 IST" name="Default suite" finished-at="2023-08-23T12:33:26 IST" duration-ms="224">
    <groups>
    </groups>
    <test started-at="2023-08-23T12:33:26 IST" name="Default test" finished-at="2023-08-23T12:33:26 IST" duration-ms="224">
      <class name="Testing.Demo1">
        <test-method signature="Test1()[pri:0, instance:Testing.Demo1@73e9cf30]" started-at="2023-08-23T12:33:26 IST" name="Test1" finished-at="2023-08-23T12:33:26 IST" duration-ms="24" status="PASS">
          <reporter-output>
          </reporter-output>
        </test-method> <!-- Test1 -->
        <test-method signature="Test2()[pri:0, instance:Testing.Demo1@73e9cf30]" started-at="2023-08-23T12:33:26 IST" name="Test2" finished-at="2023-08-23T12:33:26 IST" duration-ms="3" status="PASS">
          <reporter-output>
          </reporter-output>
        </test-method> <!-- Test2 -->
        <test-method signature="Test2()[pri:0, instance:Testing.Demo1@73e9cf30]" started-at="2023-08-23T12:33:26 IST" name="Test2" finished-at="2023-08-23T12:33:26 IST" duration-ms="2" status="PASS">
          <reporter-output>
          </reporter-output>
        </test-method> <!-- Test2 -->
        <test-method signature="Test2()[pri:0, instance:Testing.Demo1@73e9cf30]" started-at="2023-08-23T12:33:26 IST" name="Test2" finished-at="2023-08-23T12:33:26 IST" duration-ms="2" status="PASS">
          <reporter-output>
          </reporter-output>
        </test-method> <!-- Test2 -->
        <test-method signature="Test2()[pri:0, instance:Testing.Demo1@73e9cf30]" started-at="2023-08-23T12:33:26 IST" name="Test2" finished-at="2023-08-23T12:33:26 IST" duration-ms="3" status="PASS">
          <reporter-output>
          </reporter-output>
        </test-method> <!-- Test2 -->
        <test-method signature="Test2()[pri:0, instance:Testing.Demo1@73e9cf30]" started-at="2023-08-23T12:33:26 IST" name="Test2" finished-at="2023-08-23T12:33:26 IST" duration-ms="3" status="PASS">
          <reporter-output>
          </reporter-output>
        </test-method> <!-- Test2 -->
        <test-method signature="Test3()[pri:0, instance:Testing.Demo1@73e9cf30]" started-at="2023-08-23T12:33:26 IST" name="Test3" finished-at="2023-08-23T12:33:26 IST" duration-ms="11" status="PASS">
          <reporter-output>
          </reporter-output>
        </test-method> <!-- Test3 -->
      </class> <!-- Testing.Demo1 -->
    </test> <!-- Default test -->
  </suite> <!-- Default suite -->
</testng-results>
